<?xml version="1.0" encoding="UTF-8"?>
<coverage generated="1704906084249" clover="3.2.0">
  <project timestamp="1704906084249" name="All files">
    <metrics statements="0" coveredstatements="0" conditionals="0" coveredconditionals="0" methods="4" coveredmethods="4" elements="4" coveredelements="4" complexity="0" loc="0" ncloc="0" packages="1" files="1" classes="1"/>
    <file name="iterationMethods.js" path="/home/bertoldo/Projects/testes_learning/src/arrayMethods/iterationMethods.js">
      <metrics statements="0" coveredstatements="0" conditionals="0" coveredconditionals="0" methods="4" coveredmethods="4"/>
    </file>
  </project>
</coverage>
