{"/home/bertoldo/Projects/testes_learning/src/arrayMethods/iterationMethods.js": {"path":"/home/bertoldo/Projects/testes_learning/src/arrayMethods/iterationMethods.js","statementMap":{},"fnMap":{"0":{"name":"newMap","decl":{"start":{"line":1,"column":9},"end":{"line":1,"column":15}},"loc":{"start":{"line":1,"column":18},"end":{"line":3,"column":1}},"line":1},"1":{"name":"newFilter","decl":{"start":{"line":5,"column":9},"end":{"line":5,"column":18}},"loc":{"start":{"line":5,"column":21},"end":{"line":7,"column":1}},"line":5},"2":{"name":"newFind","decl":{"start":{"line":9,"column":9},"end":{"line":9,"column":16}},"loc":{"start":{"line":9,"column":19},"end":{"line":11,"column":1}},"line":9},"3":{"name":"newReduce","decl":{"start":{"line":13,"column":9},"end":{"line":13,"column":18}},"loc":{"start":{"line":13,"column":21},"end":{"line":15,"column":1}},"line":13}},"branchMap":{},"s":{},"f":{"0":3,"1":5,"2":5,"3":3},"b":{},"_coverageSchema":"1a1c01bbd47fc00a2c39e90264f33305004495a9","hash":"d37f95f65ecead9946253c67d529bce09273d239"}
}
